[16:48:56] [main/INFO]: Using standard Java JCE cipher.
[16:48:56] [main/INFO]: Using standard Java compressor.
[16:48:56] [main/INFO]: Enabled Waterfall version git:Waterfall-Bootstrap:1.18-R0.1-SNAPSHOT:35cbf2c:481
[16:48:56] [main/INFO]: Discovered module: ModuleSpec(name=cmd_alert, file=modules\cmd_alert.jar, provider=JenkinsModuleSource())
[16:48:56] [main/INFO]: Discovered module: ModuleSpec(name=cmd_find, file=modules\cmd_find.jar, provider=JenkinsModuleSource())
[16:48:56] [main/INFO]: Discovered module: ModuleSpec(name=cmd_list, file=modules\cmd_list.jar, provider=JenkinsModuleSource())
[16:48:56] [main/INFO]: Discovered module: ModuleSpec(name=cmd_send, file=modules\cmd_send.jar, provider=JenkinsModuleSource())
[16:48:56] [main/INFO]: Discovered module: ModuleSpec(name=cmd_server, file=modules\cmd_server.jar, provider=JenkinsModuleSource())
[16:48:56] [main/INFO]: Discovered module: ModuleSpec(name=reconnect_yaml, file=modules\reconnect_yaml.jar, provider=JenkinsModuleSource())
[16:48:56] [main/INFO]: Loaded plugin reconnect_yaml version git:reconnect_yaml:1.18-R0.1-SNAPSHOT:35cbf2c:481 by WaterfallMC
[16:48:56] [main/INFO]: Loaded plugin cmd_find version git:cmd_find:1.18-R0.1-SNAPSHOT:35cbf2c:481 by WaterfallMC
[16:48:56] [main/INFO]: Loaded plugin BungeeNegativity version 1.11 by Elikill58
[16:48:56] [main/INFO]: Loaded plugin OpenAudioMc version 6.5.7.2 by Mindgamesnl
[16:48:56] [main/WARN]: Error loading plugin SetSpawn
java.lang.NoClassDefFoundError: org/bukkit/plugin/java/JavaPlugin
	at java.lang.ClassLoader.defineClass1(Native Method) ~[?:?]
	at java.lang.ClassLoader.defineClass(ClassLoader.java:1010) ~[?:?]
	at java.security.SecureClassLoader.defineClass(SecureClassLoader.java:150) ~[?:?]
	at net.md_5.bungee.api.plugin.PluginClassloader.findClass(PluginClassloader.java:152) ~[waterfall-1.18-481.jar:git:Waterfall-Bootstrap:1.18-R0.1-SNAPSHOT:35cbf2c:481]
	at java.lang.ClassLoader.loadClass(ClassLoader.java:586) ~[?:?]
	at net.md_5.bungee.api.plugin.PluginClassloader.loadClass0(PluginClassloader.java:66) ~[waterfall-1.18-481.jar:git:Waterfall-Bootstrap:1.18-R0.1-SNAPSHOT:35cbf2c:481]
	at net.md_5.bungee.api.plugin.PluginClassloader.loadClass(PluginClassloader.java:59) ~[waterfall-1.18-481.jar:git:Waterfall-Bootstrap:1.18-R0.1-SNAPSHOT:35cbf2c:481]
	at java.lang.ClassLoader.loadClass(ClassLoader.java:519) ~[?:?]
	at net.md_5.bungee.api.plugin.PluginManager.enablePlugin(PluginManager.java:394) ~[waterfall-1.18-481.jar:git:Waterfall-Bootstrap:1.18-R0.1-SNAPSHOT:35cbf2c:481]
	at net.md_5.bungee.api.plugin.PluginManager.loadPlugins(PluginManager.java:300) ~[waterfall-1.18-481.jar:git:Waterfall-Bootstrap:1.18-R0.1-SNAPSHOT:35cbf2c:481]
	at net.md_5.bungee.BungeeCord.start(BungeeCord.java:278) ~[waterfall-1.18-481.jar:git:Waterfall-Bootstrap:1.18-R0.1-SNAPSHOT:35cbf2c:481]
	at net.md_5.bungee.BungeeCordLauncher.main(BungeeCordLauncher.java:67) ~[waterfall-1.18-481.jar:git:Waterfall-Bootstrap:1.18-R0.1-SNAPSHOT:35cbf2c:481]
	at net.md_5.bungee.Bootstrap.main(Bootstrap.java:15) ~[waterfall-1.18-481.jar:git:Waterfall-Bootstrap:1.18-R0.1-SNAPSHOT:35cbf2c:481]
Caused by: java.lang.ClassNotFoundException: org.bukkit.plugin.java.JavaPlugin
	at net.md_5.bungee.api.plugin.PluginClassloader.loadClass0(PluginClassloader.java:103) ~[waterfall-1.18-481.jar:git:Waterfall-Bootstrap:1.18-R0.1-SNAPSHOT:35cbf2c:481]
	at net.md_5.bungee.api.plugin.PluginClassloader.loadClass(PluginClassloader.java:59) ~[waterfall-1.18-481.jar:git:Waterfall-Bootstrap:1.18-R0.1-SNAPSHOT:35cbf2c:481]
	at java.lang.ClassLoader.loadClass(ClassLoader.java:519) ~[?:?]
	... 13 more
[16:48:56] [main/INFO]: Loaded plugin cmd_server version git:cmd_server:1.18-R0.1-SNAPSHOT:35cbf2c:481 by WaterfallMC
[16:48:56] [main/INFO]: Loaded plugin cmd_alert version git:cmd_alert:1.18-R0.1-SNAPSHOT:35cbf2c:481 by WaterfallMC
[16:48:56] [main/INFO]: Loaded plugin cmd_send version git:cmd_send:1.18-R0.1-SNAPSHOT:35cbf2c:481 by WaterfallMC
[16:48:56] [main/INFO]: Loaded plugin HubRedirect version OPEN_BETA-1.0 by Soap#2135
[16:48:56] [main/INFO]: Loaded plugin cmd_list version git:cmd_list:1.18-R0.1-SNAPSHOT:35cbf2c:481 by WaterfallMC
[16:48:56] [main/WARN]: Forced host server pvp is not defined
[16:48:56] [main/INFO]: Enabled plugin reconnect_yaml version git:reconnect_yaml:1.18-R0.1-SNAPSHOT:35cbf2c:481 by WaterfallMC
[16:48:56] [main/INFO]: Enabled plugin cmd_find version git:cmd_find:1.18-R0.1-SNAPSHOT:35cbf2c:481 by WaterfallMC
[16:48:56] [main/INFO]: Enabled plugin BungeeNegativity version 1.11 by Elikill58
[16:48:56] [main/INFO]: [OpenAudioMc] Initializing build 365 by BuildTools
[16:48:56] [main/INFO]: [OpenAudioMc] Starting configuration module
[16:48:56] [main/INFO]: [OpenAudioMc] Starting configuration module
[16:48:56] [main/INFO]: [OpenAudioMc] Skipped 18/18 migrations.
[16:48:56] [main/INFO]: [OpenAudioMc] Initializing socket connector
[16:48:56] [main/INFO]: [OpenAudioMc] Starting authentication module
[16:48:57] [main/INFO]: [OpenAudioMc] This server already has an account, skipping sign up.
[16:48:57] [main/INFO]: [OpenAudioMc] Initializing account details
[16:48:57] [main/INFO]: [OpenAudioMc] Starting and loading took 1154MS
[16:48:57] [main/INFO]: Enabled plugin OpenAudioMc version 6.5.7.2 by Mindgamesnl
[16:48:57] [main/INFO]: Enabled plugin cmd_server version git:cmd_server:1.18-R0.1-SNAPSHOT:35cbf2c:481 by WaterfallMC
[16:48:57] [main/INFO]: Enabled plugin cmd_alert version git:cmd_alert:1.18-R0.1-SNAPSHOT:35cbf2c:481 by WaterfallMC
[16:48:57] [main/INFO]: Enabled plugin cmd_send version git:cmd_send:1.18-R0.1-SNAPSHOT:35cbf2c:481 by WaterfallMC
[16:48:57] [main/INFO] [HubRedirect]:  has loaded
[16:48:57] [main/INFO]: Enabled plugin HubRedirect version OPEN_BETA-1.0 by Soap#2135
[16:48:57] [main/INFO]: Enabled plugin cmd_list version git:cmd_list:1.18-R0.1-SNAPSHOT:35cbf2c:481 by WaterfallMC
[16:48:57] [Netty Boss IO Thread #0/INFO]: Listening on /0.0.0.0:25565
[16:48:59] [OpenAudioMc Pool Thread #0/INFO]: [OpenAudioMc] New Identity = atjb5usqNOcBDDDtBdAS7cu3c
[16:49:01] [Shutdown Thread/INFO]: Closing listener [id: 0xf10ce3eb, L:/[0:0:0:0:0:0:0:0]:25565]
[16:49:01] [Shutdown Thread/INFO]: Closing pending connections
[16:49:01] [Shutdown Thread/INFO]: Disconnecting 0 connections
[16:49:01] [Shutdown Thread/INFO]: Disabling plugins
[16:49:02] [Shutdown Thread/INFO]: Closing IO threads
[16:49:04] [Shutdown Thread/INFO]: Thank you and goodbye
